[2022-12-20 07:25:16]
[Manager::_list]
array (
  2 => '.git',
  3 => '.gitignore',
  4 => '.idea',
  5 => 'css',
  6 => 'filemanager',
  7 => 'img',
  8 => 'index.html',
  9 => 'js',
  10 => 'log',
  11 => 'Бяка.php',
)

[2022-12-20 07:25:19]
[Manager::_list]
array (
  2 => 'css',
  3 => 'favicon.png',
  4 => 'index.php',
  5 => 'js',
  6 => 'php',
)

[2022-12-20 07:25:56]
[Manager::_list]
array (
  2 => 'logger.log',
)

[2022-12-20 07:25:56]
[Manager::_list]
array (
  2 => 'css',
  3 => 'favicon.png',
  4 => 'index.php',
  5 => 'js',
  6 => 'php',
)

[2022-12-20 07:26:00]
[Manager::_list]
array (
  2 => 'index.js',
  3 => 'manager',
  4 => 'manager.js',
)

[2022-12-20 07:26:22]
[Manager::_list]
array (
  2 => 'css',
  3 => 'favicon.png',
  4 => 'index.php',
  5 => 'js',
  6 => 'php',
)

[2022-12-20 07:26:26]
[Manager::_list]
array (
  2 => '.git',
  3 => '.gitignore',
  4 => '.idea',
  5 => 'css',
  6 => 'filemanager',
  7 => 'img',
  8 => 'index.html',
  9 => 'js',
  10 => 'log',
  11 => 'Бяка.php',
)

[2022-12-20 07:26:27]
[Manager::_list]
array (
  2 => 'style.css',
  3 => 'style.css.map',
  4 => 'style.less',
)

[2022-12-20 07:26:28]
[Manager::_list]
array (
  2 => '.git',
  3 => '.gitignore',
  4 => '.idea',
  5 => 'css',
  6 => 'filemanager',
  7 => 'img',
  8 => 'index.html',
  9 => 'js',
  10 => 'log',
  11 => 'Бяка.php',
)

[2022-12-20 07:26:31]
[Manager::_list]
array (
  2 => 'script.js',
)

[2022-12-20 07:26:32]
[Manager::_list]
array (
  2 => '.git',
  3 => '.gitignore',
  4 => '.idea',
  5 => 'css',
  6 => 'filemanager',
  7 => 'img',
  8 => 'index.html',
  9 => 'js',
  10 => 'log',
  11 => 'Бяка.php',
)

[2022-12-20 07:26:33]
[Manager::_list]
array (
  2 => 'product',
)

[2022-12-20 07:26:34]
[Manager::_list]
array (
  2 => '.git',
  3 => '.gitignore',
  4 => '.idea',
  5 => 'css',
  6 => 'filemanager',
  7 => 'img',
  8 => 'index.html',
  9 => 'js',
  10 => 'log',
  11 => 'Бяка.php',
)

[2022-12-20 07:26:35]
[Manager::_list]
array (
  2 => 'script.js',
)

[2022-12-20 07:26:40]
[Manager::_list]
array (
  2 => '.git',
  3 => '.gitignore',
  4 => '.idea',
  5 => 'css',
  6 => 'filemanager',
  7 => 'img',
  8 => 'index.html',
  9 => 'js',
  10 => 'log',
  11 => 'Бяка.php',
)

[2022-12-20 07:26:41]
[Manager::_list]
array (
  2 => 'product',
)

[2022-12-20 07:26:43]
[Manager::_list]
array (
  2 => '.git',
  3 => '.gitignore',
  4 => '.idea',
  5 => 'css',
  6 => 'filemanager',
  7 => 'img',
  8 => 'index.html',
  9 => 'js',
  10 => 'log',
  11 => 'Бяка.php',
)

[2022-12-20 07:26:44]
[Manager::_list]
array (
  2 => 'style.css',
  3 => 'style.css.map',
  4 => 'style.less',
)

[2022-12-20 07:26:46]
[Manager::_list]
array (
  2 => '.git',
  3 => '.gitignore',
  4 => '.idea',
  5 => 'css',
  6 => 'filemanager',
  7 => 'img',
  8 => 'index.html',
  9 => 'js',
  10 => 'log',
  11 => 'Бяка.php',
)

[2022-12-20 07:26:47]
[Manager::_list]
array (
  2 => 'style.css',
  3 => 'style.css.map',
  4 => 'style.less',
)

